c:\users\matt\documents\visual studio 2015\projects\angryflyingreptiles\angryflyingreptiles\debug\angryflyingreptiles.pch
c:\users\matt\documents\visual studio 2015\projects\angryflyingreptiles\angryflyingreptiles\debug\vc140.pdb
c:\users\matt\documents\visual studio 2015\projects\angryflyingreptiles\angryflyingreptiles\debug\vc140.idb
c:\users\matt\documents\visual studio 2015\projects\angryflyingreptiles\angryflyingreptiles\debug\stdafx.obj
c:\users\matt\documents\visual studio 2015\projects\angryflyingreptiles\angryflyingreptiles\debug\angryflyingreptiles.obj
c:\users\matt\documents\visual studio 2015\projects\angryflyingreptiles\angryflyingreptiles\debug\mainfrm.obj
c:\users\matt\documents\visual studio 2015\projects\angryflyingreptiles\angryflyingreptiles\debug\childview.obj
c:\users\matt\documents\visual studio 2015\projects\angryflyingreptiles\angryflyingreptiles\debug\reptile.obj
c:\users\matt\documents\visual studio 2015\projects\angryflyingreptiles\debug\angryflyingreptiles.ilk
c:\users\matt\documents\visual studio 2015\projects\angryflyingreptiles\debug\angryflyingreptiles.exe
c:\users\matt\documents\visual studio 2015\projects\angryflyingreptiles\debug\angryflyingreptiles.pdb
c:\users\matt\documents\visual studio 2015\projects\angryflyingreptiles\angryflyingreptiles\debug\angryflyingreptiles.res
c:\users\matt\documents\visual studio 2015\projects\angryflyingreptiles\angryflyingreptiles\debug\childview.obj.enc
c:\users\matt\documents\visual studio 2015\projects\angryflyingreptiles\angryflyingreptiles\debug\angryfly.025f49e3.tlog\cl.command.1.tlog
c:\users\matt\documents\visual studio 2015\projects\angryflyingreptiles\angryflyingreptiles\debug\angryfly.025f49e3.tlog\cl.read.1.tlog
c:\users\matt\documents\visual studio 2015\projects\angryflyingreptiles\angryflyingreptiles\debug\angryfly.025f49e3.tlog\cl.write.1.tlog
c:\users\matt\documents\visual studio 2015\projects\angryflyingreptiles\angryflyingreptiles\debug\angryfly.025f49e3.tlog\link.command.1.tlog
c:\users\matt\documents\visual studio 2015\projects\angryflyingreptiles\angryflyingreptiles\debug\angryfly.025f49e3.tlog\link.read.1.tlog
c:\users\matt\documents\visual studio 2015\projects\angryflyingreptiles\angryflyingreptiles\debug\angryfly.025f49e3.tlog\link.write.1.tlog
c:\users\matt\documents\visual studio 2015\projects\angryflyingreptiles\angryflyingreptiles\debug\angryfly.025f49e3.tlog\rc.command.1.tlog
c:\users\matt\documents\visual studio 2015\projects\angryflyingreptiles\angryflyingreptiles\debug\angryfly.025f49e3.tlog\rc.read.1.tlog
c:\users\matt\documents\visual studio 2015\projects\angryflyingreptiles\angryflyingreptiles\debug\angryfly.025f49e3.tlog\rc.write.1.tlog
